app/build/intermediates/manifest_merge_blame_file/debug/processDebugMainManifest/manifest-merger-blame-debug-report.txt
1<?xml version="1.0" encoding="utf-8"?>
2<manifest xmlns:android="http://schemas.android.com/apk/res/android"
3    package="com.metrosense.tracker"
4    android:versionCode="1"
5    android:versionName="1.0" >
6
7    <uses-sdk
8        android:minSdkVersion="28"
9        android:targetSdkVersion="37" />
10
11    <uses-permission android:name="android.permission.FOREGROUND_SERVICE" />
11-->src/main/AndroidManifest.xml:4:5-77
11-->src/main/AndroidManifest.xml:4:22-74
12    <uses-permission android:name="android.permission.FOREGROUND_SERVICE_SPECIAL_USE" />
12-->src/main/AndroidManifest.xml:5:5-89
12-->src/main/AndroidManifest.xml:5:22-86
13    <uses-permission android:name="android.permission.POST_NOTIFICATIONS" />
13-->src/main/AndroidManifest.xml:6:5-77
13-->src/main/AndroidManifest.xml:6:22-74
14    <uses-permission android:name="android.permission.VIBRATE" />
14-->src/main/AndroidManifest.xml:7:5-66
14-->src/main/AndroidManifest.xml:7:22-63
15    <uses-permission android:name="android.permission.WAKE_LOCK" />
15-->src/main/AndroidManifest.xml:8:5-68
15-->src/main/AndroidManifest.xml:8:22-65
16    <uses-permission android:name="android.permission.ACCESS_FINE_LOCATION" />
16-->src/main/AndroidManifest.xml:9:5-79
16-->src/main/AndroidManifest.xml:9:22-76
17
18    <uses-feature
18-->src/main/AndroidManifest.xml:11:5-98
19        android:name="android.hardware.sensor.accelerometer"
19-->src/main/AndroidManifest.xml:11:19-71
20        android:required="true" />
20-->src/main/AndroidManifest.xml:11:72-95
21    <uses-feature
21-->src/main/AndroidManifest.xml:12:5-94
22        android:name="android.hardware.sensor.gyroscope"
22-->src/main/AndroidManifest.xml:12:19-67
23        android:required="true" />
23-->src/main/AndroidManifest.xml:12:68-91
24
25    <permission
25-->[androidx.core:core:1.15.0] AndroidManifest.xml:22:5-24:47
26        android:name="com.metrosense.tracker.DYNAMIC_RECEIVER_NOT_EXPORTED_PERMISSION"
26-->[androidx.core:core:1.15.0] AndroidManifest.xml:23:9-81
27        android:protectionLevel="signature" />
27-->[androidx.core:core:1.15.0] AndroidManifest.xml:24:9-44
28
29    <uses-permission android:name="com.metrosense.tracker.DYNAMIC_RECEIVER_NOT_EXPORTED_PERMISSION" />
29-->[androidx.core:core:1.15.0] AndroidManifest.xml:26:5-97
29-->[androidx.core:core:1.15.0] AndroidManifest.xml:26:22-94
30
31    <application
31-->src/main/AndroidManifest.xml:14:5-33:19
32        android:allowBackup="false"
32-->src/main/AndroidManifest.xml:15:9-36
33        android:appComponentFactory="androidx.core.app.CoreComponentFactory"
33-->[androidx.core:core:1.15.0] AndroidManifest.xml:28:18-86
34        android:debuggable="true"
35        android:extractNativeLibs="false"
36        android:label="MetroSense"
36-->src/main/AndroidManifest.xml:16:9-35
37        android:supportsRtl="true"
37-->src/main/AndroidManifest.xml:17:9-35
38        android:theme="@style/Theme.MetroSense" >
38-->src/main/AndroidManifest.xml:18:9-48
39        <service
39-->src/main/AndroidManifest.xml:20:9-23:40
40            android:name="com.metrosense.tracker.MetroTrackingService"
40-->src/main/AndroidManifest.xml:21:13-49
41            android:exported="false"
41-->src/main/AndroidManifest.xml:23:13-37
42            android:foregroundServiceType="specialUse" />
42-->src/main/AndroidManifest.xml:22:13-55
43
44        <activity
44-->src/main/AndroidManifest.xml:25:9-32:20
45            android:name="com.metrosense.tracker.MainActivity"
45-->src/main/AndroidManifest.xml:26:13-41
46            android:exported="true" >
46-->src/main/AndroidManifest.xml:27:13-36
47            <intent-filter>
47-->src/main/AndroidManifest.xml:28:13-31:29
48                <action android:name="android.intent.action.MAIN" />
48-->src/main/AndroidManifest.xml:29:17-69
48-->src/main/AndroidManifest.xml:29:25-66
49
50                <category android:name="android.intent.category.LAUNCHER" />
50-->src/main/AndroidManifest.xml:30:17-77
50-->src/main/AndroidManifest.xml:30:27-74
51            </intent-filter>
52        </activity>
53
54        <provider
54-->[androidx.emoji2:emoji2:1.3.0] AndroidManifest.xml:24:9-32:20
55            android:name="androidx.startup.InitializationProvider"
55-->[androidx.emoji2:emoji2:1.3.0] AndroidManifest.xml:25:13-67
56            android:authorities="com.metrosense.tracker.androidx-startup"
56-->[androidx.emoji2:emoji2:1.3.0] AndroidManifest.xml:26:13-68
57            android:exported="false" >
57-->[androidx.emoji2:emoji2:1.3.0] AndroidManifest.xml:27:13-37
58            <meta-data
58-->[androidx.emoji2:emoji2:1.3.0] AndroidManifest.xml:29:13-31:52
59                android:name="androidx.emoji2.text.EmojiCompatInitializer"
59-->[androidx.emoji2:emoji2:1.3.0] AndroidManifest.xml:30:17-75
60                android:value="androidx.startup" />
60-->[androidx.emoji2:emoji2:1.3.0] AndroidManifest.xml:31:17-49
61            <meta-data
61-->[androidx.lifecycle:lifecycle-process:2.6.2] AndroidManifest.xml:29:13-31:52
62                android:name="androidx.lifecycle.ProcessLifecycleInitializer"
62-->[androidx.lifecycle:lifecycle-process:2.6.2] AndroidManifest.xml:30:17-78
63                android:value="androidx.startup" />
63-->[androidx.lifecycle:lifecycle-process:2.6.2] AndroidManifest.xml:31:17-49
64            <meta-data
64-->[androidx.profileinstaller:profileinstaller:1.3.1] AndroidManifest.xml:29:13-31:52
65                android:name="androidx.profileinstaller.ProfileInstallerInitializer"
65-->[androidx.profileinstaller:profileinstaller:1.3.1] AndroidManifest.xml:30:17-85
66                android:value="androidx.startup" />
66-->[androidx.profileinstaller:profileinstaller:1.3.1] AndroidManifest.xml:31:17-49
67        </provider>
68
69        <receiver
69-->[androidx.profileinstaller:profileinstaller:1.3.1] AndroidManifest.xml:34:9-52:20
70            android:name="androidx.profileinstaller.ProfileInstallReceiver"
70-->[androidx.profileinstaller:profileinstaller:1.3.1] AndroidManifest.xml:35:13-76
71            android:directBootAware="false"
71-->[androidx.profileinstaller:profileinstaller:1.3.1] AndroidManifest.xml:36:13-44
72            android:enabled="true"
72-->[androidx.profileinstaller:profileinstaller:1.3.1] AndroidManifest.xml:37:13-35
73            android:exported="true"
73-->[androidx.profileinstaller:profileinstaller:1.3.1] AndroidManifest.xml:38:13-36
74            android:permission="android.permission.DUMP" >
74-->[androidx.profileinstaller:profileinstaller:1.3.1] AndroidManifest.xml:39:13-57
75            <intent-filter>
75-->[androidx.profileinstaller:profileinstaller:1.3.1] AndroidManifest.xml:40:13-42:29
76                <action android:name="androidx.profileinstaller.action.INSTALL_PROFILE" />
76-->[androidx.profileinstaller:profileinstaller:1.3.1] AndroidManifest.xml:41:17-91
76-->[androidx.profileinstaller:profileinstaller:1.3.1] AndroidManifest.xml:41:25-88
77            </intent-filter>
78            <intent-filter>
78-->[androidx.profileinstaller:profileinstaller:1.3.1] AndroidManifest.xml:43:13-45:29
79                <action android:name="androidx.profileinstaller.action.SKIP_FILE" />
79-->[androidx.profileinstaller:profileinstaller:1.3.1] AndroidManifest.xml:44:17-85
79-->[androidx.profileinstaller:profileinstaller:1.3.1] AndroidManifest.xml:44:25-82
80            </intent-filter>
81            <intent-filter>
81-->[androidx.profileinstaller:profileinstaller:1.3.1] AndroidManifest.xml:46:13-48:29
82                <action android:name="androidx.profileinstaller.action.SAVE_PROFILE" />
82-->[androidx.profileinstaller:profileinstaller:1.3.1] AndroidManifest.xml:47:17-88
82-->[androidx.profileinstaller:profileinstaller:1.3.1] AndroidManifest.xml:47:25-85
83            </intent-filter>
84            <intent-filter>
84-->[androidx.profileinstaller:profileinstaller:1.3.1] AndroidManifest.xml:49:13-51:29
85                <action android:name="androidx.profileinstaller.action.BENCHMARK_OPERATION" />
85-->[androidx.profileinstaller:profileinstaller:1.3.1] AndroidManifest.xml:50:17-95
85-->[androidx.profileinstaller:profileinstaller:1.3.1] AndroidManifest.xml:50:25-92
86            </intent-filter>
87        </receiver>
88    </application>
89
90</manifest>